<?xml version="1.0" encoding="UTF-8"?>
<!-- Generated by org.testng.reporters.JUnitXMLReporter -->
<testsuite ignored="0" hostname="DESKTOP-LJUN8GS" failures="0" tests="11" name="test" time="2.629" errors="0" timestamp="2023-05-25T15:20:19 EET">
  <testcase classname="tests.CreatePersonTest" name="create_person" time="1.232"/>
  <testcase classname="tests.CreatePersonTest" name="deletePersonTest" time="0.047"/>
  <testcase classname="tests.PatchPersontest" name="create_person" time="0.084"/>
  <testcase classname="tests.PatchPersontest" name="updatePersonTest" time="0.064"/>
  <testcase classname="tests.PatchPersontest" name="deletePersonTest" time="0.044"/>
  <testcase classname="tests.DeletePersonTest" name="create_person" time="0.068"/>
  <testcase classname="tests.DeletePersonTest" name="deletePersonTest" time="0.038"/>
  <testcase classname="tests.GetAllPersons" name="testgetall" time="0.098"/>
  <testcase classname="tests.E2E" name="create_person" time="0.044"/>
  <testcase classname="tests.E2E" name="updatePersonTest" time="0.053"/>
  <testcase classname="tests.E2E" name="deletePersonTest" time="0.031"/>
</testsuite> <!-- test -->
