<?xml version="1.0" encoding="UTF-8"?>
<!-- Generated by org.testng.reporters.JUnitXMLReporter -->
<testsuite ignored="0" hostname="DESKTOP-LJUN8GS" failures="0" tests="11" name="test" time="2.545" errors="0" timestamp="2023-06-01T12:51:51 EET">
  <testcase classname="tests.CreatePersonTest" name="create_person" time="1.274"/>
  <testcase classname="tests.CreatePersonTest" name="deletePersonTest" time="0.054"/>
  <testcase classname="tests.PatchPersontest" name="create_person" time="0.066"/>
  <testcase classname="tests.PatchPersontest" name="updatePersonTest" time="0.066"/>
  <testcase classname="tests.PatchPersontest" name="deletePersonTest" time="0.031"/>
  <testcase classname="tests.DeletePersonTest" name="create_person" time="0.067"/>
  <testcase classname="tests.DeletePersonTest" name="deletePersonTest" time="0.036"/>
  <testcase classname="tests.GetAllPersons" name="testgetall" time="0.067"/>
  <testcase classname="tests.E2E" name="create_person" time="0.046"/>
  <testcase classname="tests.E2E" name="updatePersonTest" time="0.054"/>
  <testcase classname="tests.E2E" name="deletePersonTest" time="0.03"/>
</testsuite> <!-- test -->
