<?xml version="1.0" encoding="UTF-8"?>
<testsuite xmlns:xsi="http://www.w3.org/2001/XMLSchema-instance" xsi:noNamespaceSchemaLocation="https://maven.apache.org/surefire/maven-surefire-plugin/xsd/surefire-test-report-3.0.xsd" version="3.0" name="TestSuite" time="3.225" tests="11" errors="0" skipped="0" failures="0">
  <properties>
[...]
</properties>
  <testcase name="create_person[org.testng.TestRunner@ca546a1](1)" classname="tests.CreatePersonTest" time="1.281">
    <system-out><![CDATA[2023-06-01 12:51:49 INFO  helpers.PersonServiceHelper.<init>(PersonServiceHelper.java:20):20 - configure url
2023-06-01 12:51:49 INFO  tests.CreatePersonTest.create_person(CreatePersonTest.java:28):28 - get faker data from faker class then adding it to pojo object
2023-06-01 12:51:49 INFO  helpers.PersonServiceHelper.createPerson(PersonServiceHelper.java:37):37 - send post request to create new user
2023-06-01 12:51:51 INFO  tests.CreatePersonTest.create_person(CreatePersonTest.java:38):38 - check status code==201
2023-06-01 12:51:51 INFO  tests.CreatePersonTest.create_person(CreatePersonTest.java:40):40 - create global variable user id 78 from the response 
]]></system-out>
    <system-err><![CDATA[SLF4J: Failed to load class "org.slf4j.impl.StaticLoggerBinder".
SLF4J: Defaulting to no-operation (NOP) logger implementation
SLF4J: See http://www.slf4j.org/codes.html#StaticLoggerBinder for further details.
]]></system-err>
  </testcase>
  <testcase name="deletePersonTest[org.testng.TestRunner@ca546a1](1)" classname="tests.CreatePersonTest" time="0.055">
    <system-out><![CDATA[2023-06-01 12:51:51 INFO  tests.CreatePersonTest.deletePersonTest(CreatePersonTest.java:45):45 - getting the id to delete 78
2023-06-01 12:51:51 INFO  helpers.PersonServiceHelper.deletePerson(PersonServiceHelper.java:54):54 - send delete request to delete user
]]></system-out>
  </testcase>
  <testcase name="create_person[org.testng.TestRunner@ca546a1](1)" classname="tests.PatchPersontest" time="0.065">
    <system-out><![CDATA[2023-06-01 12:51:51 INFO  helpers.PersonServiceHelper.<init>(PersonServiceHelper.java:20):20 - configure url
2023-06-01 12:51:51 INFO  tests.PatchPersontest.create_person(PatchPersontest.java:30):30 - get faker data from faker class then adding it to pojo object
2023-06-01 12:51:51 INFO  helpers.PersonServiceHelper.createPerson(PersonServiceHelper.java:37):37 - send post request to create new user
2023-06-01 12:51:51 INFO  tests.PatchPersontest.create_person(PatchPersontest.java:40):40 - check status code==201
2023-06-01 12:51:51 INFO  tests.PatchPersontest.create_person(PatchPersontest.java:42):42 - create global variable user id 78 from the response 
]]></system-out>
  </testcase>
  <testcase name="updatePersonTest[org.testng.TestRunner@ca546a1](1)" classname="tests.PatchPersontest" time="0.067">
    <system-out><![CDATA[2023-06-01 12:51:51 INFO  tests.PatchPersontest.updatePersonTest(PatchPersontest.java:48):48 - create fake data for the patch request
2023-06-01 12:51:51 INFO  tests.PatchPersontest.updatePersonTest(PatchPersontest.java:56):56 - getting id variable78
2023-06-01 12:51:51 INFO  helpers.PersonServiceHelper.updatePerson(PersonServiceHelper.java:46):46 - send patch request to update user
2023-06-01 12:51:51 INFO  tests.PatchPersontest.updatePersonTest(PatchPersontest.java:58):58 - checking that status code =200
]]></system-out>
  </testcase>
  <testcase name="deletePersonTest[org.testng.TestRunner@ca546a1](1)" classname="tests.PatchPersontest" time="0.033">
    <system-out><![CDATA[2023-06-01 12:51:51 INFO  tests.PatchPersontest.deletePersonTest(PatchPersontest.java:65):65 - getting the id to delete 78
2023-06-01 12:51:51 INFO  helpers.PersonServiceHelper.deletePerson(PersonServiceHelper.java:54):54 - send delete request to delete user
]]></system-out>
  </testcase>
  <testcase name="create_person[org.testng.TestRunner@ca546a1](1)" classname="tests.DeletePersonTest" time="0.066">
    <system-out><![CDATA[2023-06-01 12:51:51 INFO  helpers.PersonServiceHelper.<init>(PersonServiceHelper.java:20):20 - configure url
2023-06-01 12:51:51 INFO  tests.DeletePersonTest.create_person(DeletePersonTest.java:27):27 - get faker data from faker class then adding it to pojo object
2023-06-01 12:51:51 INFO  helpers.PersonServiceHelper.createPerson(PersonServiceHelper.java:37):37 - send post request to create new user
2023-06-01 12:51:51 INFO  tests.DeletePersonTest.create_person(DeletePersonTest.java:37):37 - check status code==201
2023-06-01 12:51:51 INFO  tests.DeletePersonTest.create_person(DeletePersonTest.java:39):39 - create global variable user id 78 from the response 
]]></system-out>
  </testcase>
  <testcase name="deletePersonTest[org.testng.TestRunner@ca546a1](1)" classname="tests.DeletePersonTest" time="0.037">
    <system-out><![CDATA[2023-06-01 12:51:51 INFO  helpers.PersonServiceHelper.deletePerson(PersonServiceHelper.java:54):54 - send delete request to delete user
]]></system-out>
  </testcase>
  <testcase name="testgetall" classname="tests.GetAllPersons" time="0.066">
    <system-out><![CDATA[2023-06-01 12:51:51 INFO  helpers.PersonServiceHelper.<init>(PersonServiceHelper.java:20):20 - configure url
2023-06-01 12:51:51 INFO  helpers.PersonServiceHelper.getAllPerson(PersonServiceHelper.java:30):30 - send get request to get all users
]]></system-out>
  </testcase>
  <testcase name="create_person[org.testng.TestRunner@ca546a1](1)" classname="tests.E2E" time="0.046">
    <system-out><![CDATA[2023-06-01 12:51:51 INFO  helpers.PersonServiceHelper.<init>(PersonServiceHelper.java:20):20 - configure url
2023-06-01 12:51:51 INFO  tests.E2E.create_person(E2E.java:33):33 - create fake data to the post request
2023-06-01 12:51:51 INFO  tests.E2E.create_person(E2E.java:40):40 - send the post request
2023-06-01 12:51:51 INFO  helpers.PersonServiceHelper.createPerson(PersonServiceHelper.java:37):37 - send post request to create new user
]]></system-out>
  </testcase>
  <testcase name="updatePersonTest[org.testng.TestRunner@ca546a1](1)" classname="tests.E2E" time="0.056">
    <system-out><![CDATA[2023-06-01 12:51:51 INFO  tests.E2E.updatePersonTest(E2E.java:51):51 - cretae fake data for the patch request
2023-06-01 12:51:51 INFO  tests.E2E.updatePersonTest(E2E.java:59):59 - getting id variable78
2023-06-01 12:51:51 INFO  helpers.PersonServiceHelper.updatePerson(PersonServiceHelper.java:46):46 - send patch request to update user
]]></system-out>
  </testcase>
  <testcase name="deletePersonTest[org.testng.TestRunner@ca546a1](1)" classname="tests.E2E" time="0.032">
    <system-out><![CDATA[2023-06-01 12:51:51 INFO  helpers.PersonServiceHelper.deletePerson(PersonServiceHelper.java:54):54 - send delete request to delete user
]]></system-out>
  </testcase>
</testsuite>