<?xml version="1.0" encoding="UTF-8"?>
<testng-results ignored="0" total="11" passed="11" failed="0" skipped="0">
  <reporter-output>
  </reporter-output>
  <suite started-at="2023-05-25T15:20:17 EET" name="Suite" finished-at="2023-05-25T15:20:19 EET" duration-ms="2629">
    <groups>
    </groups>
    <test started-at="2023-05-25T15:20:17 EET" name="test" finished-at="2023-05-25T15:20:19 EET" duration-ms="2629">
      <class name="tests.DeletePersonTest">
        <test-method is-config="true" signature="init()[pri:0, instance:tests.DeletePersonTest@6da21078]" started-at="2023-05-25T15:20:19 EET" name="init" finished-at="2023-05-25T15:20:19 EET" duration-ms="2" status="PASS">
          <reporter-output>
          </reporter-output>
        </test-method> <!-- init -->
        <test-method signature="create_person(org.testng.ITestContext)[pri:0, instance:tests.DeletePersonTest@6da21078]" started-at="2023-05-25T15:20:19 EET" name="create_person" finished-at="2023-05-25T15:20:19 EET" duration-ms="68" status="PASS">
          <params>
            <param index="0">
              <value>
                <![CDATA[org.testng.TestRunner@1eb906f3]]>
              </value>
            </param>
          </params>
          <reporter-output>
          </reporter-output>
        </test-method> <!-- create_person -->
        <test-method signature="deletePersonTest(org.testng.ITestContext)[pri:0, instance:tests.DeletePersonTest@6da21078]" started-at="2023-05-25T15:20:19 EET" name="deletePersonTest" finished-at="2023-05-25T15:20:19 EET" duration-ms="38" status="PASS">
          <params>
            <param index="0">
              <value>
                <![CDATA[org.testng.TestRunner@1eb906f3]]>
              </value>
            </param>
          </params>
          <reporter-output>
          </reporter-output>
        </test-method> <!-- deletePersonTest -->
      </class> <!-- tests.DeletePersonTest -->
      <class name="tests.GetAllPersons">
        <test-method is-config="true" signature="init()[pri:0, instance:tests.GetAllPersons@56cdfb3b]" started-at="2023-05-25T15:20:19 EET" name="init" finished-at="2023-05-25T15:20:19 EET" duration-ms="1" status="PASS">
          <reporter-output>
          </reporter-output>
        </test-method> <!-- init -->
        <test-method signature="testgetall()[pri:0, instance:tests.GetAllPersons@56cdfb3b]" started-at="2023-05-25T15:20:19 EET" name="testgetall" finished-at="2023-05-25T15:20:19 EET" duration-ms="98" status="PASS">
          <reporter-output>
          </reporter-output>
        </test-method> <!-- testgetall -->
      </class> <!-- tests.GetAllPersons -->
      <class name="tests.PatchPersontest">
        <test-method is-config="true" signature="init()[pri:0, instance:tests.PatchPersontest@f736069]" started-at="2023-05-25T15:20:19 EET" name="init" finished-at="2023-05-25T15:20:19 EET" duration-ms="1" status="PASS">
          <reporter-output>
          </reporter-output>
        </test-method> <!-- init -->
        <test-method signature="create_person(org.testng.ITestContext)[pri:1, instance:tests.PatchPersontest@f736069]" started-at="2023-05-25T15:20:19 EET" name="create_person" finished-at="2023-05-25T15:20:19 EET" duration-ms="84" status="PASS">
          <params>
            <param index="0">
              <value>
                <![CDATA[org.testng.TestRunner@1eb906f3]]>
              </value>
            </param>
          </params>
          <reporter-output>
          </reporter-output>
        </test-method> <!-- create_person -->
        <test-method signature="updatePersonTest(org.testng.ITestContext)[pri:2, instance:tests.PatchPersontest@f736069]" started-at="2023-05-25T15:20:19 EET" name="updatePersonTest" finished-at="2023-05-25T15:20:19 EET" duration-ms="64" status="PASS">
          <params>
            <param index="0">
              <value>
                <![CDATA[org.testng.TestRunner@1eb906f3]]>
              </value>
            </param>
          </params>
          <reporter-output>
          </reporter-output>
        </test-method> <!-- updatePersonTest -->
        <test-method signature="deletePersonTest(org.testng.ITestContext)[pri:3, instance:tests.PatchPersontest@f736069]" started-at="2023-05-25T15:20:19 EET" name="deletePersonTest" finished-at="2023-05-25T15:20:19 EET" duration-ms="44" status="PASS">
          <params>
            <param index="0">
              <value>
                <![CDATA[org.testng.TestRunner@1eb906f3]]>
              </value>
            </param>
          </params>
          <reporter-output>
          </reporter-output>
        </test-method> <!-- deletePersonTest -->
      </class> <!-- tests.PatchPersontest -->
      <class name="tests.E2E">
        <test-method is-config="true" signature="init()[pri:0, instance:tests.E2E@72b43104]" started-at="2023-05-25T15:20:19 EET" name="init" finished-at="2023-05-25T15:20:19 EET" duration-ms="2" status="PASS">
          <reporter-output>
          </reporter-output>
        </test-method> <!-- init -->
        <test-method signature="create_person(org.testng.ITestContext)[pri:1, instance:tests.E2E@72b43104]" started-at="2023-05-25T15:20:19 EET" name="create_person" finished-at="2023-05-25T15:20:19 EET" duration-ms="44" status="PASS">
          <params>
            <param index="0">
              <value>
                <![CDATA[org.testng.TestRunner@1eb906f3]]>
              </value>
            </param>
          </params>
          <reporter-output>
          </reporter-output>
        </test-method> <!-- create_person -->
        <test-method signature="updatePersonTest(org.testng.ITestContext)[pri:2, instance:tests.E2E@72b43104]" started-at="2023-05-25T15:20:19 EET" name="updatePersonTest" finished-at="2023-05-25T15:20:19 EET" duration-ms="53" status="PASS">
          <params>
            <param index="0">
              <value>
                <![CDATA[org.testng.TestRunner@1eb906f3]]>
              </value>
            </param>
          </params>
          <reporter-output>
          </reporter-output>
        </test-method> <!-- updatePersonTest -->
        <test-method signature="deletePersonTest(org.testng.ITestContext)[pri:3, instance:tests.E2E@72b43104]" started-at="2023-05-25T15:20:19 EET" name="deletePersonTest" finished-at="2023-05-25T15:20:19 EET" duration-ms="31" status="PASS">
          <params>
            <param index="0">
              <value>
                <![CDATA[org.testng.TestRunner@1eb906f3]]>
              </value>
            </param>
          </params>
          <reporter-output>
          </reporter-output>
        </test-method> <!-- deletePersonTest -->
      </class> <!-- tests.E2E -->
      <class name="tests.CreatePersonTest">
        <test-method is-config="true" signature="init()[pri:0, instance:tests.CreatePersonTest@53fdffa1]" started-at="2023-05-25T15:20:17 EET" name="init" finished-at="2023-05-25T15:20:18 EET" duration-ms="605" status="PASS">
          <reporter-output>
          </reporter-output>
        </test-method> <!-- init -->
        <test-method signature="create_person(org.testng.ITestContext)[pri:0, instance:tests.CreatePersonTest@53fdffa1]" started-at="2023-05-25T15:20:18 EET" name="create_person" finished-at="2023-05-25T15:20:19 EET" duration-ms="1232" status="PASS">
          <params>
            <param index="0">
              <value>
                <![CDATA[org.testng.TestRunner@1eb906f3]]>
              </value>
            </param>
          </params>
          <reporter-output>
          </reporter-output>
        </test-method> <!-- create_person -->
        <test-method signature="deletePersonTest(org.testng.ITestContext)[pri:0, instance:tests.CreatePersonTest@53fdffa1]" started-at="2023-05-25T15:20:19 EET" name="deletePersonTest" finished-at="2023-05-25T15:20:19 EET" duration-ms="47" status="PASS">
          <params>
            <param index="0">
              <value>
                <![CDATA[org.testng.TestRunner@1eb906f3]]>
              </value>
            </param>
          </params>
          <reporter-output>
          </reporter-output>
        </test-method> <!-- deletePersonTest -->
      </class> <!-- tests.CreatePersonTest -->
    </test> <!-- test -->
  </suite> <!-- Suite -->
</testng-results>
